[debug] [2022-12-11T16:00:30.382Z] ----------------------------------------------------------------------
[debug] [2022-12-11T16:00:30.383Z] Command:       /usr/local/bin/node /usr/local/bin/firebase init
[debug] [2022-12-11T16:00:30.383Z] CLI Version:   11.17.0
[debug] [2022-12-11T16:00:30.383Z] Platform:      darwin
[debug] [2022-12-11T16:00:30.383Z] Node Version:  v16.15.1
[debug] [2022-12-11T16:00:30.386Z] Time:          Sun Dec 11 2022 17:00:30 GMT+0100 (czas środkowoeuropejski standardowy)
[debug] [2022-12-11T16:00:30.387Z] ----------------------------------------------------------------------
[debug] 
[debug] [2022-12-11T16:00:30.390Z] > command requires scopes: ["email","openid","https://www.googleapis.com/auth/cloudplatformprojects.readonly","https://www.googleapis.com/auth/firebase","https://www.googleapis.com/auth/cloud-platform"]
[debug] [2022-12-11T16:00:30.390Z] > authorizing via signed-in user (kubmic8888@gmail.com)
[info] 
     ######## #### ########  ######## ########     ###     ######  ########
     ##        ##  ##     ## ##       ##     ##  ##   ##  ##       ##
     ######    ##  ########  ######   ########  #########  ######  ######
     ##        ##  ##    ##  ##       ##     ## ##     ##       ## ##
     ##       #### ##     ## ######## ########  ##     ##  ######  ########

You're about to initialize a Firebase project in this directory:

  /Applications/learningApps/user-list-app

Before we get started, keep in mind:

  * You are currently outside your home directory

[info] 
=== Project Setup
[info] 
[info] First, let's associate this project directory with a Firebase project.
[info] You can create multiple project aliases by running firebase use --add, 
[info] but for now we'll just set up a default project.
[info] 
[debug] [2022-12-11T16:01:10.476Z] >>> [apiv2][query] GET https://firebase.googleapis.com/v1beta1/projects pageSize=100
[debug] [2022-12-11T16:01:11.158Z] <<< [apiv2][status] GET https://firebase.googleapis.com/v1beta1/projects 200
[debug] [2022-12-11T16:01:11.159Z] <<< [apiv2][body] GET https://firebase.googleapis.com/v1beta1/projects [omitted]
